<?xml version="1.0" encoding="UTF-8"?>
<testsuite name="de.gohari.chat_with_paper.ChatWithPaperApplicationTests" tests="1" skipped="0" failures="0" errors="0" timestamp="2024-08-22T21:20:26" hostname="MacBook-Pro-von-Arian.local" time="0.815">
  <properties/>
  <testcase name="contextLoads()" classname="de.gohari.chat_with_paper.ChatWithPaperApplicationTests" time="0.815"/>
  <system-out><![CDATA[Standard Commons Logging discovery in action with spring-jcl: please remove commons-logging.jar from classpath in order to avoid potential conflicts
23:20:22.687 [Test worker] INFO org.springframework.test.context.support.AnnotationConfigContextLoaderUtils -- Could not detect default configuration classes for test class [de.gohari.chat_with_paper.ChatWithPaperApplicationTests]: ChatWithPaperApplicationTests does not declare any static, non-private, non-final, nested classes annotated with @Configuration.
23:20:22.803 [Test worker] INFO org.springframework.boot.test.context.SpringBootTestContextBootstrapper -- Found @SpringBootConfiguration de.gohari.chat_with_paper.ChatWithPaperApplication for test class de.gohari.chat_with_paper.ChatWithPaperApplicationTests

  .   ____          _            __ _ _
 /\\ / ___'_ __ _ _(_)_ __  __ _ \ \ \ \
( ( )\___ | '_ | '_| | '_ \/ _` | \ \ \ \
 \\/  ___)| |_)| | | | | || (_| |  ) ) ) )
  '  |____| .__|_| |_|_| |_\__, | / / / /
 =========|_|==============|___/=/_/_/_/

 :: Spring Boot ::                (v3.3.2)

2024-08-22T23:20:23.200+02:00  WARN 43545 --- [chat_with_paper] [    Test worker] ory$DuplicateJsonObjectContextCustomizer : 

Found multiple occurrences of org.json.JSONObject on the class path:

	jar:file:/Users/arian/.gradle/caches/modules-2/files-2.1/com.vaadin.external.google/android-json/0.0.20131108.vaadin1/fa26d351fe62a6a17f5cda1287c1c6110dec413f/android-json-0.0.20131108.vaadin1.jar!/org/json/JSONObject.class
	jar:file:/Users/arian/.gradle/caches/modules-2/files-2.1/org.json/json/20231013/e22e0c040fe16f04ffdb85d851d77b07fc05ea52/json-20231013.jar!/org/json/JSONObject.class

You may wish to exclude one of them to ensure predictable runtime behavior

2024-08-22T23:20:23.213+02:00  INFO 43545 --- [chat_with_paper] [    Test worker] d.g.c.ChatWithPaperApplicationTests      : Starting ChatWithPaperApplicationTests using Java 22.0.2 with PID 43545 (started by arian in /Users/arian/Projects/lemon3/chat_with_paper)
2024-08-22T23:20:23.214+02:00  INFO 43545 --- [chat_with_paper] [    Test worker] d.g.c.ChatWithPaperApplicationTests      : No active profile set, falling back to 1 default profile: "default"
2024-08-22T23:20:24.093+02:00  INFO 43545 --- [chat_with_paper] [    Test worker] .s.d.r.c.RepositoryConfigurationDelegate : Bootstrapping Spring Data MongoDB repositories in DEFAULT mode.
2024-08-22T23:20:24.223+02:00  INFO 43545 --- [chat_with_paper] [    Test worker] .s.d.r.c.RepositoryConfigurationDelegate : Finished Spring Data repository scanning in 125 ms. Found 3 MongoDB repository interfaces.
2024-08-22T23:20:24.743+02:00  INFO 43545 --- [chat_with_paper] [    Test worker] org.mongodb.driver.client                : MongoClient with metadata {"application": {"name": "Cluster"}, "driver": {"name": "mongo-java-driver|sync|spring-boot", "version": "5.0.1"}, "os": {"type": "Darwin", "name": "Mac OS X", "architecture": "x86_64", "version": "14.2"}, "platform": "Java/Homebrew/22.0.2"} created with settings MongoClientSettings{readPreference=primary, writeConcern=WriteConcern{w=majority, wTimeout=null ms, journal=null}, retryWrites=true, retryReads=true, readConcern=ReadConcern{level=null}, credential=MongoCredential{mechanism=null, userName='hilla-app', source='admin', password=<hidden>, mechanismProperties=<hidden>}, transportSettings=null, commandListeners=[], codecRegistry=ProvidersCodecRegistry{codecProviders=[ValueCodecProvider{}, BsonValueCodecProvider{}, DBRefCodecProvider{}, DBObjectCodecProvider{}, DocumentCodecProvider{}, CollectionCodecProvider{}, IterableCodecProvider{}, MapCodecProvider{}, GeoJsonCodecProvider{}, GridFSFileCodecProvider{}, Jsr310CodecProvider{}, JsonObjectCodecProvider{}, BsonCodecProvider{}, EnumCodecProvider{}, com.mongodb.client.model.mql.ExpressionCodecProvider@a826ff8, com.mongodb.Jep395RecordCodecProvider@71f0806b, com.mongodb.KotlinCodecProvider@49889154]}, loggerSettings=LoggerSettings{maxDocumentLength=1000}, clusterSettings={hosts=[127.0.0.1:27017], srvHost=cluster0.4fuqk0e.mongodb.net, srvServiceName=mongodb, mode=MULTIPLE, requiredClusterType=REPLICA_SET, requiredReplicaSetName='atlas-ah9365-shard-0', serverSelector='null', clusterListeners='[]', serverSelectionTimeout='30000 ms', localThreshold='15 ms'}, socketSettings=SocketSettings{connectTimeoutMS=10000, readTimeoutMS=0, receiveBufferSize=0, proxySettings=ProxySettings{host=null, port=null, username=null, password=null}}, heartbeatSocketSettings=SocketSettings{connectTimeoutMS=10000, readTimeoutMS=10000, receiveBufferSize=0, proxySettings=ProxySettings{host=null, port=null, username=null, password=null}}, connectionPoolSettings=ConnectionPoolSettings{maxSize=100, minSize=0, maxWaitTimeMS=120000, maxConnectionLifeTimeMS=0, maxConnectionIdleTimeMS=0, maintenanceInitialDelayMS=0, maintenanceFrequencyMS=60000, connectionPoolListeners=[], maxConnecting=2}, serverSettings=ServerSettings{heartbeatFrequencyMS=10000, minHeartbeatFrequencyMS=500, serverListeners='[]', serverMonitorListeners='[]'}, sslSettings=SslSettings{enabled=true, invalidHostNameAllowed=false, context=null}, applicationName='Cluster', compressorList=[], uuidRepresentation=JAVA_LEGACY, serverApi=null, autoEncryptionSettings=null, dnsClient=null, inetAddressResolver=null, contextProvider=null}
2024-08-22T23:20:24.764+02:00  INFO 43545 --- [chat_with_paper] [k0e.mongodb.net] org.mongodb.driver.cluster               : Adding discovered server ac-nmjrde4-shard-00-02.4fuqk0e.mongodb.net:27017 to client view of cluster
2024-08-22T23:20:24.795+02:00  INFO 43545 --- [chat_with_paper] [k0e.mongodb.net] org.mongodb.driver.cluster               : Adding discovered server ac-nmjrde4-shard-00-00.4fuqk0e.mongodb.net:27017 to client view of cluster
2024-08-22T23:20:24.799+02:00  INFO 43545 --- [chat_with_paper] [k0e.mongodb.net] org.mongodb.driver.cluster               : Adding discovered server ac-nmjrde4-shard-00-01.4fuqk0e.mongodb.net:27017 to client view of cluster
2024-08-22T23:20:25.427+02:00  INFO 43545 --- [chat_with_paper] [ngodb.net:27017] org.mongodb.driver.cluster               : Monitor thread successfully connected to server with description ServerDescription{address=ac-nmjrde4-shard-00-00.4fuqk0e.mongodb.net:27017, type=REPLICA_SET_SECONDARY, state=CONNECTED, ok=true, minWireVersion=0, maxWireVersion=21, maxDocumentSize=16777216, logicalSessionTimeoutMinutes=30, roundTripTimeNanos=333275894, setName='atlas-ah9365-shard-0', canonicalAddress=ac-nmjrde4-shard-00-00.4fuqk0e.mongodb.net:27017, hosts=[ac-nmjrde4-shard-00-00.4fuqk0e.mongodb.net:27017, ac-nmjrde4-shard-00-01.4fuqk0e.mongodb.net:27017, ac-nmjrde4-shard-00-02.4fuqk0e.mongodb.net:27017], passives=[], arbiters=[], primary='ac-nmjrde4-shard-00-02.4fuqk0e.mongodb.net:27017', tagSet=TagSet{[Tag{name='availabilityZone', value='europe-west1-b'}, Tag{name='diskState', value='READY'}, Tag{name='nodeType', value='ELECTABLE'}, Tag{name='provider', value='GCP'}, Tag{name='region', value='WESTERN_EUROPE'}, Tag{name='workloadType', value='OPERATIONAL'}]}, electionId=null, setVersion=30, topologyVersion=TopologyVersion{processId=66b78170429fb6e03eb91f42, counter=4}, lastWriteDate=Thu Aug 22 23:20:25 CEST 2024, lastUpdateTimeNanos=675002671074595}
2024-08-22T23:20:25.520+02:00  INFO 43545 --- [chat_with_paper] [ngodb.net:27017] org.mongodb.driver.cluster               : Monitor thread successfully connected to server with description ServerDescription{address=ac-nmjrde4-shard-00-01.4fuqk0e.mongodb.net:27017, type=REPLICA_SET_SECONDARY, state=CONNECTED, ok=true, minWireVersion=0, maxWireVersion=21, maxDocumentSize=16777216, logicalSessionTimeoutMinutes=30, roundTripTimeNanos=102246029, setName='atlas-ah9365-shard-0', canonicalAddress=ac-nmjrde4-shard-00-01.4fuqk0e.mongodb.net:27017, hosts=[ac-nmjrde4-shard-00-00.4fuqk0e.mongodb.net:27017, ac-nmjrde4-shard-00-01.4fuqk0e.mongodb.net:27017, ac-nmjrde4-shard-00-02.4fuqk0e.mongodb.net:27017], passives=[], arbiters=[], primary='ac-nmjrde4-shard-00-02.4fuqk0e.mongodb.net:27017', tagSet=TagSet{[Tag{name='availabilityZone', value='europe-west1-c'}, Tag{name='diskState', value='READY'}, Tag{name='nodeType', value='ELECTABLE'}, Tag{name='provider', value='GCP'}, Tag{name='region', value='WESTERN_EUROPE'}, Tag{name='workloadType', value='OPERATIONAL'}]}, electionId=null, setVersion=30, topologyVersion=TopologyVersion{processId=66b784d88a29b1c402e243d3, counter=3}, lastWriteDate=Thu Aug 22 23:20:25 CEST 2024, lastUpdateTimeNanos=675002765822415}
2024-08-22T23:20:25.797+02:00  INFO 43545 --- [chat_with_paper] [    Test worker] org.atmosphere.cpr.AtmosphereFramework   : Installed AtmosphereHandler com.vaadin.hilla.push.PushEndpoint mapped to context-path: /HILLA/push
2024-08-22T23:20:25.798+02:00  INFO 43545 --- [chat_with_paper] [    Test worker] org.atmosphere.cpr.AtmosphereFramework   : Installed the following AtmosphereInterceptor mapped to AtmosphereHandler com.vaadin.hilla.push.PushEndpoint
2024-08-22T23:20:25.799+02:00  INFO 43545 --- [chat_with_paper] [    Test worker] org.atmosphere.cpr.AtmosphereFramework   : 	org.atmosphere.interceptor.AtmosphereResourceLifecycleInterceptor : Atmosphere LifeCycle
2024-08-22T23:20:25.799+02:00  INFO 43545 --- [chat_with_paper] [    Test worker] org.atmosphere.cpr.AtmosphereFramework   : 	org.atmosphere.client.TrackMessageSizeInterceptor :  Track Message Size Interceptor using |
2024-08-22T23:20:25.799+02:00  INFO 43545 --- [chat_with_paper] [    Test worker] org.atmosphere.cpr.AtmosphereFramework   : 	org.atmosphere.interceptor.SuspendTrackerInterceptor : UUID Tracking Interceptor
2024-08-22T23:20:25.854+02:00  INFO 43545 --- [chat_with_paper] [ngodb.net:27017] org.mongodb.driver.cluster               : Monitor thread successfully connected to server with description ServerDescription{address=ac-nmjrde4-shard-00-02.4fuqk0e.mongodb.net:27017, type=REPLICA_SET_PRIMARY, state=CONNECTED, ok=true, minWireVersion=0, maxWireVersion=21, maxDocumentSize=16777216, logicalSessionTimeoutMinutes=30, roundTripTimeNanos=95100236, setName='atlas-ah9365-shard-0', canonicalAddress=ac-nmjrde4-shard-00-02.4fuqk0e.mongodb.net:27017, hosts=[ac-nmjrde4-shard-00-00.4fuqk0e.mongodb.net:27017, ac-nmjrde4-shard-00-01.4fuqk0e.mongodb.net:27017, ac-nmjrde4-shard-00-02.4fuqk0e.mongodb.net:27017], passives=[], arbiters=[], primary='ac-nmjrde4-shard-00-02.4fuqk0e.mongodb.net:27017', tagSet=TagSet{[Tag{name='availabilityZone', value='europe-west1-d'}, Tag{name='diskState', value='READY'}, Tag{name='nodeType', value='ELECTABLE'}, Tag{name='provider', value='GCP'}, Tag{name='region', value='WESTERN_EUROPE'}, Tag{name='workloadType', value='OPERATIONAL'}]}, electionId=7fffffff00000000000000c4, setVersion=30, topologyVersion=TopologyVersion{processId=66b7835d9cde604337082163, counter=6}, lastWriteDate=Thu Aug 22 23:20:25 CEST 2024, lastUpdateTimeNanos=675003100091817}
2024-08-22T23:20:25.856+02:00  INFO 43545 --- [chat_with_paper] [ngodb.net:27017] org.mongodb.driver.cluster               : Discovered replica set primary ac-nmjrde4-shard-00-02.4fuqk0e.mongodb.net:27017 with max election id 7fffffff00000000000000c4 and max set version 30
2024-08-22T23:20:26.471+02:00  INFO 43545 --- [chat_with_paper] [    Test worker] d.g.c.ChatWithPaperApplicationTests      : Started ChatWithPaperApplicationTests in 3.514 seconds (process running for 4.729)
]]></system-out>
  <system-err><![CDATA[WARNING: A Java agent has been loaded dynamically (/Users/arian/.gradle/caches/modules-2/files-2.1/net.bytebuddy/byte-buddy-agent/1.14.18/417558ea01fe9f0e8a94af28b9469d281c4e3984/byte-buddy-agent-1.14.18.jar)
WARNING: If a serviceability tool is in use, please run with -XX:+EnableDynamicAgentLoading to hide this warning
WARNING: If a serviceability tool is not in use, please run with -Djdk.instrument.traceUsage for more information
WARNING: Dynamic loading of agents will be disallowed by default in a future release
]]></system-err>
</testsuite>
